[debug] [2024-06-13T16:57:54.363Z] ----------------------------------------------------------------------
[debug] [2024-06-13T16:57:54.366Z] Command:       C:\Program Files\nodejs\node.exe C:\Users\madru\AppData\Roaming\npm\node_modules\firebase-tools\lib\bin\firebase.js init
[debug] [2024-06-13T16:57:54.366Z] CLI Version:   13.11.2
[debug] [2024-06-13T16:57:54.366Z] Platform:      win32
[debug] [2024-06-13T16:57:54.367Z] Node Version:  v20.12.2
[debug] [2024-06-13T16:57:54.367Z] Time:          Thu Jun 13 2024 13:57:54 GMT-0300 (Brasilia Standard Time)
[debug] [2024-06-13T16:57:54.367Z] ----------------------------------------------------------------------
[debug] 
[debug] [2024-06-13T16:57:54.376Z] > command requires scopes: ["email","openid","https://www.googleapis.com/auth/cloudplatformprojects.readonly","https://www.googleapis.com/auth/firebase","https://www.googleapis.com/auth/cloud-platform"]
[debug] [2024-06-13T16:57:54.376Z] > authorizing via signed-in user (samuel.sousa.rt@gmail.com)
[info] 
     ######## #### ########  ######## ########     ###     ######  ########
     ##        ##  ##     ## ##       ##     ##  ##   ##  ##       ##
     ######    ##  ########  ######   ########  #########  ######  ######
     ##        ##  ##    ##  ##       ##     ## ##     ##       ## ##
     ##       #### ##     ## ######## ########  ##     ##  ######  ########

You're about to initialize a Firebase project in this directory:

  C:\Users\madru\OneDrive\Documentos\Devjobs Angular Version\Devjobs-Angular-Version

[info] 
=== Project Setup
[info] 
[info] First, let's associate this project directory with a Firebase project.
[info] You can create multiple project aliases by running firebase use --add, 
[info] but for now we'll just set up a default project.
[info] 
[info] i  If you want to create a project in a Google Cloud organization or folder, please use "firebase projects:create" instead, and return to this command when you've created the project. 
[debug] [2024-06-13T16:59:49.344Z] ----------------------------------------------------------------------
[debug] [2024-06-13T16:59:49.347Z] Command:       C:\Program Files\nodejs\node.exe C:\Users\madru\AppData\Roaming\npm\node_modules\firebase-tools\lib\bin\firebase.js projects:create
[debug] [2024-06-13T16:59:49.347Z] CLI Version:   13.11.2
[debug] [2024-06-13T16:59:49.348Z] Platform:      win32
[debug] [2024-06-13T16:59:49.348Z] Node Version:  v20.12.2
[debug] [2024-06-13T16:59:49.348Z] Time:          Thu Jun 13 2024 13:59:49 GMT-0300 (Brasilia Standard Time)
[debug] [2024-06-13T16:59:49.348Z] ----------------------------------------------------------------------
[debug] 
[debug] [2024-06-13T16:59:49.357Z] > command requires scopes: ["email","openid","https://www.googleapis.com/auth/cloudplatformprojects.readonly","https://www.googleapis.com/auth/firebase","https://www.googleapis.com/auth/cloud-platform"]
[debug] [2024-06-13T16:59:49.358Z] > authorizing via signed-in user (samuel.sousa.rt@gmail.com)
[debug] [2024-06-13T17:00:26.936Z] >>> [apiv2][query] POST https://cloudresourcemanager.googleapis.com/v1/projects [none]
[debug] [2024-06-13T17:00:26.936Z] >>> [apiv2][body] POST https://cloudresourcemanager.googleapis.com/v1/projects {"projectId":"Devjobs_Project","name":"Devjobs"}
[debug] [2024-06-13T17:00:27.893Z] <<< [apiv2][status] POST https://cloudresourcemanager.googleapis.com/v1/projects 400
[debug] [2024-06-13T17:00:27.893Z] <<< [apiv2][body] POST https://cloudresourcemanager.googleapis.com/v1/projects {"error":{"code":400,"message":"field [project_id] has issue [project_id contains invalid characters]","status":"INVALID_ARGUMENT","details":[{"@type":"type.googleapis.com/google.rpc.BadRequest","fieldViolations":[{"field":"project_id","description":"project_id contains invalid characters"}]},{"@type":"type.googleapis.com/google.rpc.Help","links":[{"url":"https://cloud.google.com/resource-manager/reference/rest/v1/projects"}]}]}}
[debug] [2024-06-13T17:00:28.040Z] FirebaseError: HTTP Error: 400, field [project_id] has issue [project_id contains invalid characters]
    at responseToError (C:\Users\madru\AppData\Roaming\npm\node_modules\firebase-tools\lib\responseToError.js:49:12)
    at RetryOperation._fn (C:\Users\madru\AppData\Roaming\npm\node_modules\firebase-tools\lib\apiv2.js:305:77)
    at process.processTicksAndRejections (node:internal/process/task_queues:95:5)
[error] 
[error] Error: Failed to create project. See firebase-debug.log for more info.
[debug] [2024-06-13T17:01:22.162Z] ----------------------------------------------------------------------
[debug] [2024-06-13T17:01:22.165Z] Command:       C:\Program Files\nodejs\node.exe C:\Users\madru\AppData\Roaming\npm\node_modules\firebase-tools\lib\bin\firebase.js projects:create
[debug] [2024-06-13T17:01:22.166Z] CLI Version:   13.11.2
[debug] [2024-06-13T17:01:22.166Z] Platform:      win32
[debug] [2024-06-13T17:01:22.166Z] Node Version:  v20.12.2
[debug] [2024-06-13T17:01:22.166Z] Time:          Thu Jun 13 2024 14:01:22 GMT-0300 (Brasilia Standard Time)
[debug] [2024-06-13T17:01:22.166Z] ----------------------------------------------------------------------
[debug] 
[debug] [2024-06-13T17:01:22.176Z] > command requires scopes: ["email","openid","https://www.googleapis.com/auth/cloudplatformprojects.readonly","https://www.googleapis.com/auth/firebase","https://www.googleapis.com/auth/cloud-platform"]
[debug] [2024-06-13T17:01:22.177Z] > authorizing via signed-in user (samuel.sousa.rt@gmail.com)
[debug] [2024-06-13T17:01:42.840Z] >>> [apiv2][query] POST https://cloudresourcemanager.googleapis.com/v1/projects [none]
[debug] [2024-06-13T17:01:42.840Z] >>> [apiv2][body] POST https://cloudresourcemanager.googleapis.com/v1/projects {"projectId":"devjobsproject","name":"devjobs"}
[debug] [2024-06-13T17:01:43.279Z] <<< [apiv2][status] POST https://cloudresourcemanager.googleapis.com/v1/projects 200
[debug] [2024-06-13T17:01:43.279Z] <<< [apiv2][body] POST https://cloudresourcemanager.googleapis.com/v1/projects {"name":"operations/cp.9035173149133710047"}
[debug] [2024-06-13T17:01:43.281Z] >>> [apiv2][query] GET https://cloudresourcemanager.googleapis.com/v1/operations/cp.9035173149133710047 [none]
[debug] [2024-06-13T17:01:44.217Z] <<< [apiv2][status] GET https://cloudresourcemanager.googleapis.com/v1/operations/cp.9035173149133710047 200
[debug] [2024-06-13T17:01:44.217Z] <<< [apiv2][body] GET https://cloudresourcemanager.googleapis.com/v1/operations/cp.9035173149133710047 {"name":"operations/cp.9035173149133710047","metadata":{"@type":"type.googleapis.com/google.cloudresourcemanager.v1.ProjectCreationStatus","ready":true},"done":true,"error":{"code":9,"message":"Callers must accept Terms of Service","details":[{"@type":"type.googleapis.com/google.rpc.PreconditionFailure","violations":[{"type":"TOS","subject":"cloud","description":"Callers must accept Terms of Service"}]}]}}
[debug] [2024-06-13T17:01:44.356Z] FirebaseError: Callers must accept Terms of Service
    at OperationPoller.poll (C:\Users\madru\AppData\Roaming\npm\node_modules\firebase-tools\lib\operation-poller.js:24:19)
    at process.processTicksAndRejections (node:internal/process/task_queues:95:5)
    at async createCloudProject (C:\Users\madru\AppData\Roaming\npm\node_modules\firebase-tools\lib\management\projects.js:186:29)
    at async createFirebaseProjectAndLog (C:\Users\madru\AppData\Roaming\npm\node_modules\firebase-tools\lib\management\projects.js:45:9)
[error] 
[error] Error: Failed to create project. See firebase-debug.log for more info.
